<?xml version="1.0" encoding="UTF-8"?>
<!-- Generated by org.testng.reporters.JUnitReportReporter -->
<testsuite hostname="DESKTOP-HR6VE9G" failures="0" tests="1" name="com.notion.testscript.TestFileUpload" time="12.865" errors="0" timestamp="2023-06-19T12:59:56 PDT" skipped="0">
  <testcase classname="com.notion.testscript.TestFileUpload" name="testFileUpload" time="12.865"/>
  <system-out/>
</testsuite> <!-- com.notion.testscript.TestFileUpload -->
